<?xml version="1.0" encoding="UTF-8"?>
<!-- Generated by org.testng.reporters.JUnitReportReporter -->
<testsuite hostname="DESKTOP-BLPH810" failures="0" tests="3" name="testCases.CheckOutPage1_Test" time="13.256" errors="0" timestamp="2023-12-16T13:01:20 IST" skipped="0">
  <testcase classname="testCases.CheckOutPage1_Test" name="verifyURLOfApplicatioTest" time="6.277"/>
  <system-out>
    <![CDATA[URL of CheckOut Page=https://www.saucedemo.com/checkout-step-one.html]]>
  </system-out>
  <testcase classname="testCases.CheckOutPage1_Test" name="verifyTitleOfApplicationTest" time="3.388"/>
  <system-out>
    <![CDATA[Tital of check out page applicaion=Checkout: Your Information]]>
  </system-out>
  <testcase classname="testCases.CheckOutPage1_Test" name="InputinformationTest" time="3.591"/>
  <system-out>
    <![CDATA[Title of check out page 2=https://www.saucedemo.com/checkout-step-two.html]]>
  </system-out>
</testsuite> <!-- testCases.CheckOutPage1_Test -->
