<?xml version="1.0" encoding="UTF-8"?>
<!-- Generated by org.testng.reporters.JUnitReportReporter -->
<testsuite hostname="DESKTOP-BLPH810" failures="0" tests="7" name="testCases.Inventory_page_2_Test" time="19.635" errors="0" timestamp="2023-12-16T13:01:20 IST" skipped="0">
  <testcase classname="testCases.Inventory_page_2_Test" name="verifytwitterLogoTest" time="2.335"/>
  <system-out>
    <![CDATA[Visibility of Twitter Logo=true]]>
  </system-out>
  <testcase classname="testCases.Inventory_page_2_Test" name="verifyproductsLabelTest" time="2.801"/>
  <system-out>
    <![CDATA[Label of Inventory Page=Products]]>
  </system-out>
  <testcase classname="testCases.Inventory_page_2_Test" name="verifyLinkedinLogoTest" time="2.645"/>
  <system-out>
    <![CDATA[Visibility of LinkedIn Logo =true]]>
  </system-out>
  <testcase classname="testCases.Inventory_page_2_Test" name="verifyFacebookLogoTest" time="2.462"/>
  <system-out>
    <![CDATA[Visibility of Facebook Logo=true]]>
  </system-out>
  <testcase classname="testCases.Inventory_page_2_Test" name="verifyMenuBtnTest" time="3.380"/>
  <system-out>
    <![CDATA[Menu Button is Display=Open Menu]]>
  </system-out>
  <testcase classname="testCases.Inventory_page_2_Test" name="add6Products" time="2.914"/>
  <system-out>
    <![CDATA[Total Product added to cart=6]]>
  </system-out>
  <testcase classname="testCases.Inventory_page_2_Test" name="remove2ProductsTest" time="3.098"/>
  <system-out>
    <![CDATA[Count of Product after removing=4]]>
  </system-out>
</testsuite> <!-- testCases.Inventory_page_2_Test -->
