<?xml version="1.0" encoding="UTF-8"?>
<!-- Generated by org.testng.reporters.JUnitReportReporter -->
<testsuite hostname="DESKTOP-BLPH810" failures="0" tests="5" name="testCases.CompletePageTest" time="20.268" errors="0" timestamp="2023-12-16T13:01:20 IST" skipped="0">
  <testcase classname="testCases.CompletePageTest" name="verifyCompleteLabelTest" time="3.506"/>
  <system-out>
    <![CDATA[Verify Complete Label final Page=Checkout: Complete!]]>
  </system-out>
  <testcase classname="testCases.CompletePageTest" name="verifyOrderDispatchTextTest" time="5.159"/>
  <system-out>
    <![CDATA[Visible of Order Dispatch and arrive text=Your order has been dispatched, and will arrive just as fast as the pony can get there!]]>
  </system-out>
  <testcase classname="testCases.CompletePageTest" name="verifyImgLogoTest" time="3.553"/>
  <system-out>
    <![CDATA[Visibility of Img Logo =true]]>
  </system-out>
  <testcase classname="testCases.CompletePageTest" name="BackHomeBtnTest" time="3.784"/>
  <system-out>
    <![CDATA[Verify URL of Complete Page=https://www.saucedemo.com/inventory.html]]>
  </system-out>
  <testcase classname="testCases.CompletePageTest" name="verifyThankYouTextTest" time="4.266"/>
  <system-out>
    <![CDATA[Visibility of Thank You Text =true]]>
  </system-out>
</testsuite> <!-- testCases.CompletePageTest -->
