<?xml version="1.0" encoding="UTF-8"?>
<!-- Generated by org.testng.reporters.JUnitReportReporter -->
<testsuite hostname="DESKTOP-BLPH810" failures="0" tests="10" name="testCases.CheckOutPage2Test" time="39.467" errors="0" timestamp="2023-12-16T13:01:20 IST" skipped="0">
  <testcase classname="testCases.CheckOutPage2Test" name="verifyURLOfApplicationTest" time="3.678"/>
  <system-out>
    <![CDATA[Current URL of Check Out Page2=https://www.saucedemo.com/checkout-step-two.html]]>
  </system-out>
  <testcase classname="testCases.CheckOutPage2Test" name="verifyLabelTest" time="3.733"/>
  <system-out>
    <![CDATA[Label of Check 2 Page=Checkout: Overview]]>
  </system-out>
  <testcase classname="testCases.CheckOutPage2Test" name="verifyQTYLabelTest" time="3.579"/>
  <system-out>
    <![CDATA[QTY Label of Check Out Page 2QTY]]>
  </system-out>
  <testcase classname="testCases.CheckOutPage2Test" name="verifyDiscriptionTest" time="3.972"/>
  <system-out>
    <![CDATA[Discription Label of Check Out Page 2Description]]>
  </system-out>
  <testcase classname="testCases.CheckOutPage2Test" name="verifyPaymentLabelTest" time="4.136"/>
  <system-out>
    <![CDATA[Visibility of Payment Information =true]]>
  </system-out>
  <testcase classname="testCases.CheckOutPage2Test" name="verifyPriceTotalLabelTest" time="4.957"/>
  <system-out>
    <![CDATA[Visibility of Price Total Information =true]]>
  </system-out>
  <testcase classname="testCases.CheckOutPage2Test" name="verifyShippingLabelTest" time="3.739"/>
  <system-out>
    <![CDATA[Visibility of Shipping Information =true]]>
  </system-out>
  <testcase classname="testCases.CheckOutPage2Test" name="verifyTotalLabelTest" time="3.712"/>
  <system-out>
    <![CDATA[Visibility of Total Information of All Products =true]]>
  </system-out>
  <testcase classname="testCases.CheckOutPage2Test" name="ClickOnCancelBtnTest" time="3.971"/>
  <system-out>
    <![CDATA[Verify Functionali of Cancel Button on checkout page=https://www.saucedemo.com/inventory.html]]>
  </system-out>
  <testcase classname="testCases.CheckOutPage2Test" name="ClickOnFinishBtnTest" time="3.990"/>
  <system-out>
    <![CDATA[URL of complete Page=https://www.saucedemo.com/checkout-complete.html]]>
  </system-out>
</testsuite> <!-- testCases.CheckOutPage2Test -->
