<?xml version="1.0" encoding="UTF-8"?>
<!-- Generated by org.testng.reporters.JUnitReportReporter -->
<testsuite hostname="DESKTOP-BLPH810" failures="0" tests="3" name="testCases.LoginPageTest" time="8.498" errors="0" timestamp="2023-12-16T13:01:20 IST" skipped="0">
  <testcase classname="testCases.LoginPageTest" name="verifyTitleOfApplicationTest" time="2.534"/>
  <system-out/>
  <testcase classname="testCases.LoginPageTest" name="loginToApplicationTest" time="3.741"/>
  <system-out/>
  <testcase classname="testCases.LoginPageTest" name="verifyURLOfApplicationTest" time="2.223"/>
  <system-out/>
</testsuite> <!-- testCases.LoginPageTest -->
