<?xml version="1.0" encoding="UTF-8"?>
<!-- Generated by org.testng.reporters.JUnitReportReporter -->
<testsuite hostname="DESKTOP-BLPH810" failures="0" tests="2" name="testCases.Cart_Page_Test" time="6.371" errors="0" timestamp="2023-12-16T13:01:20 IST" skipped="0">
  <testcase classname="testCases.Cart_Page_Test" name="verifyCartPageURLTest" time="3.210"/>
  <system-out>
    <![CDATA[URL Of Cart Page Is=https://www.saucedemo.com/cart.html]]>
  </system-out>
  <testcase classname="testCases.Cart_Page_Test" name="verifyCartLabelTest" time="3.161"/>
  <system-out>
    <![CDATA[Label of Cart Page is=Your Cart]]>
  </system-out>
</testsuite> <!-- testCases.Cart_Page_Test -->
